<?xml version="1.0" encoding="UTF-8"?>
<!-- Generated by org.testng.reporters.JUnitXMLReporter -->
<testsuite ignored="1" hostname="LAPTOP-RIM8G626" failures="0" tests="2" name="Test" time="14.243" errors="0" timestamp="2025-03-15T00:23:57 IST">
  <testcase classname="testCases.TC001_AccountRegistrationTest" name="Verify_account_registration" time="2.731"/>
  <testcase classname="testCases.TC002_LoginTest" name="Verify_Login" time="1.98"/>
  <testcase classname="testCases.TC003_LoginDDT" name="Verify_LoginDDT" time="0.0">
    <ignored/>
  </testcase> <!-- Verify_LoginDDT -->
</testsuite> <!-- Test -->
