<?xml version="1.0" encoding="UTF-8"?>
<!-- Generated by org.testng.reporters.JUnitXMLReporter -->
<testsuite ignored="0" hostname="LAPTOP-RIM8G626" failures="0" tests="8" name="Test" time="228.052" errors="0" timestamp="2025-03-02T20:33:55 IST">
  <testcase classname="testCases.TC001_AccountRegistrationTest" name="Verify_account_registration" time="2.385"/>
  <testcase classname="testCases.TC002_LoginTest" name="Verify_Login" time="1.647"/>
  <testcase classname="testCases.TC003_LoginDDT" name="Verify_LoginDDT" time="2.48"/>
  <testcase classname="testCases.TC003_LoginDDT" name="Verify_LoginDDT" time="1.997"/>
  <testcase classname="testCases.TC003_LoginDDT" name="Verify_LoginDDT" time="2.384"/>
  <testcase classname="testCases.TC003_LoginDDT" name="Verify_LoginDDT" time="101.813"/>
  <testcase classname="testCases.TC003_LoginDDT" name="Verify_LoginDDT" time="2.935"/>
  <testcase classname="testCases.TC003_LoginDDT" name="Verify_LoginDDT" time="101.553"/>
</testsuite> <!-- Test -->
