<?xml version="1.0" encoding="UTF-8"?>
<testng-results ignored="0" total="2" passed="2" failed="0" skipped="0">
  <reporter-output>
  </reporter-output>
  <suite started-at="2025-03-15T00:18:35 IST" name="Master Suite" finished-at="2025-03-15T00:18:59 IST" duration-ms="23909">
    <groups>
      <group name="Master">
        <method signature="TC001_AccountRegistrationTest.Verify_account_registration()[pri:0, instance:testCases.TC001_AccountRegistrationTest@564fabc8]" name="Verify_account_registration" class="testCases.TC001_AccountRegistrationTest"/>
        <method signature="TC002_LoginTest.Verify_Login()[pri:0, instance:testCases.TC002_LoginTest@8f4ea7c]" name="Verify_Login" class="testCases.TC002_LoginTest"/>
      </group> <!-- Master -->
      <group name="Regression">
        <method signature="TC001_AccountRegistrationTest.Verify_account_registration()[pri:0, instance:testCases.TC001_AccountRegistrationTest@564fabc8]" name="Verify_account_registration" class="testCases.TC001_AccountRegistrationTest"/>
      </group> <!-- Regression -->
      <group name="sanity">
        <method signature="TC002_LoginTest.Verify_Login()[pri:0, instance:testCases.TC002_LoginTest@8f4ea7c]" name="Verify_Login" class="testCases.TC002_LoginTest"/>
      </group> <!-- sanity -->
    </groups>
    <test started-at="2025-03-15T00:18:35 IST" name="Test" finished-at="2025-03-15T00:18:59 IST" duration-ms="23909">
      <class name="testCases.TC002_LoginTest">
        <test-method is-config="true" signature="setUp(java.lang.String,java.lang.String)[pri:0, instance:testCases.TC002_LoginTest@8f4ea7c]" started-at="2025-03-15T00:18:52 IST" name="setUp" finished-at="2025-03-15T00:18:57 IST" duration-ms="4086" status="PASS">
          <params>
            <param index="0">
              <value>
                <![CDATA[Windows]]>
              </value>
            </param>
            <param index="1">
              <value>
                <![CDATA[chrome]]>
              </value>
            </param>
          </params>
          <reporter-output>
          </reporter-output>
        </test-method> <!-- setUp -->
        <test-method signature="Verify_Login()[pri:0, instance:testCases.TC002_LoginTest@8f4ea7c]" started-at="2025-03-15T00:18:57 IST" name="Verify_Login" finished-at="2025-03-15T00:18:59 IST" duration-ms="2229" status="PASS">
          <reporter-output>
          </reporter-output>
        </test-method> <!-- Verify_Login -->
        <test-method is-config="true" signature="tearDown()[pri:0, instance:testCases.TC002_LoginTest@8f4ea7c]" started-at="2025-03-15T00:18:59 IST" name="tearDown" finished-at="2025-03-15T00:18:59 IST" duration-ms="271" status="PASS">
          <reporter-output>
          </reporter-output>
        </test-method> <!-- tearDown -->
      </class> <!-- testCases.TC002_LoginTest -->
      <class name="testCases.TC001_AccountRegistrationTest">
        <test-method is-config="true" signature="setUp(java.lang.String,java.lang.String)[pri:0, instance:testCases.TC001_AccountRegistrationTest@564fabc8]" started-at="2025-03-15T00:18:35 IST" name="setUp" finished-at="2025-03-15T00:18:49 IST" duration-ms="13681" status="PASS">
          <params>
            <param index="0">
              <value>
                <![CDATA[Windows]]>
              </value>
            </param>
            <param index="1">
              <value>
                <![CDATA[chrome]]>
              </value>
            </param>
          </params>
          <reporter-output>
          </reporter-output>
        </test-method> <!-- setUp -->
        <test-method signature="Verify_account_registration()[pri:0, instance:testCases.TC001_AccountRegistrationTest@564fabc8]" started-at="2025-03-15T00:18:49 IST" name="Verify_account_registration" finished-at="2025-03-15T00:18:52 IST" duration-ms="2957" status="PASS">
          <reporter-output>
          </reporter-output>
        </test-method> <!-- Verify_account_registration -->
        <test-method is-config="true" signature="tearDown()[pri:0, instance:testCases.TC001_AccountRegistrationTest@564fabc8]" started-at="2025-03-15T00:18:52 IST" name="tearDown" finished-at="2025-03-15T00:18:52 IST" duration-ms="329" status="PASS">
          <reporter-output>
          </reporter-output>
        </test-method> <!-- tearDown -->
      </class> <!-- testCases.TC001_AccountRegistrationTest -->
    </test> <!-- Test -->
  </suite> <!-- Master Suite -->
</testng-results>
