<?xml version="1.0" encoding="UTF-8"?>
<testng-results ignored="0" total="2" passed="2" failed="0" skipped="0">
  <reporter-output>
  </reporter-output>
  <suite started-at="2025-03-15T00:23:42 IST" name="Master Suite" finished-at="2025-03-15T00:23:57 IST" duration-ms="14243">
    <groups>
      <group name="Master">
        <method signature="TC001_AccountRegistrationTest.Verify_account_registration()[pri:0, instance:testCases.TC001_AccountRegistrationTest@3d34d211]" name="Verify_account_registration" class="testCases.TC001_AccountRegistrationTest"/>
        <method signature="TC002_LoginTest.Verify_Login()[pri:0, instance:testCases.TC002_LoginTest@2de23121]" name="Verify_Login" class="testCases.TC002_LoginTest"/>
      </group> <!-- Master -->
      <group name="Regression">
        <method signature="TC001_AccountRegistrationTest.Verify_account_registration()[pri:0, instance:testCases.TC001_AccountRegistrationTest@3d34d211]" name="Verify_account_registration" class="testCases.TC001_AccountRegistrationTest"/>
      </group> <!-- Regression -->
      <group name="sanity">
        <method signature="TC002_LoginTest.Verify_Login()[pri:0, instance:testCases.TC002_LoginTest@2de23121]" name="Verify_Login" class="testCases.TC002_LoginTest"/>
      </group> <!-- sanity -->
    </groups>
    <test started-at="2025-03-15T00:23:42 IST" name="Test" finished-at="2025-03-15T00:23:57 IST" duration-ms="14243">
      <class name="testCases.TC002_LoginTest">
        <test-method is-config="true" signature="setUp(java.lang.String,java.lang.String)[pri:0, instance:testCases.TC002_LoginTest@2de23121]" started-at="2025-03-15T00:23:49 IST" name="setUp" finished-at="2025-03-15T00:23:55 IST" duration-ms="5291" status="PASS">
          <params>
            <param index="0">
              <value>
                <![CDATA[Windows]]>
              </value>
            </param>
            <param index="1">
              <value>
                <![CDATA[chrome]]>
              </value>
            </param>
          </params>
          <reporter-output>
          </reporter-output>
        </test-method> <!-- setUp -->
        <test-method signature="Verify_Login()[pri:0, instance:testCases.TC002_LoginTest@2de23121]" started-at="2025-03-15T00:23:55 IST" name="Verify_Login" finished-at="2025-03-15T00:23:57 IST" duration-ms="1980" status="PASS">
          <reporter-output>
          </reporter-output>
        </test-method> <!-- Verify_Login -->
        <test-method is-config="true" signature="tearDown()[pri:0, instance:testCases.TC002_LoginTest@2de23121]" started-at="2025-03-15T00:23:57 IST" name="tearDown" finished-at="2025-03-15T00:23:57 IST" duration-ms="187" status="PASS">
          <reporter-output>
          </reporter-output>
        </test-method> <!-- tearDown -->
      </class> <!-- testCases.TC002_LoginTest -->
      <class name="testCases.TC001_AccountRegistrationTest">
        <test-method is-config="true" signature="setUp(java.lang.String,java.lang.String)[pri:0, instance:testCases.TC001_AccountRegistrationTest@3d34d211]" started-at="2025-03-15T00:23:43 IST" name="setUp" finished-at="2025-03-15T00:23:46 IST" duration-ms="3541" status="PASS">
          <params>
            <param index="0">
              <value>
                <![CDATA[Windows]]>
              </value>
            </param>
            <param index="1">
              <value>
                <![CDATA[chrome]]>
              </value>
            </param>
          </params>
          <reporter-output>
          </reporter-output>
        </test-method> <!-- setUp -->
        <test-method signature="Verify_account_registration()[pri:0, instance:testCases.TC001_AccountRegistrationTest@3d34d211]" started-at="2025-03-15T00:23:46 IST" name="Verify_account_registration" finished-at="2025-03-15T00:23:49 IST" duration-ms="2731" status="PASS">
          <reporter-output>
          </reporter-output>
        </test-method> <!-- Verify_account_registration -->
        <test-method is-config="true" signature="tearDown()[pri:0, instance:testCases.TC001_AccountRegistrationTest@3d34d211]" started-at="2025-03-15T00:23:49 IST" name="tearDown" finished-at="2025-03-15T00:23:49 IST" duration-ms="209" status="PASS">
          <reporter-output>
          </reporter-output>
        </test-method> <!-- tearDown -->
      </class> <!-- testCases.TC001_AccountRegistrationTest -->
    </test> <!-- Test -->
  </suite> <!-- Master Suite -->
</testng-results>
